
[02/17/2015 10:52:56:739] *******************************************************
[02/17/2015 10:52:56:739] Start: 17/02/2015 10:52:56
[02/17/2015 10:52:56:739] Finding vb projects...
[02/17/2015 10:52:56:740] loading: C:\Users\PPanavas\Downloads\ZCS-IC\??IC????\rfid code\rfid code\??1.vbp
[02/17/2015 10:52:56:744]    inspecting project file...
[02/17/2015 10:52:56:750]    inspecting source code files...
[02/17/2015 10:52:56:766] Finding asp projects...
[02/17/2015 10:52:56:767] resolving project references...
[02/17/2015 10:52:56:768] Resolving project references...
[02/17/2015 10:52:56:775]   {00020430-0000-0000-C000-000000000046}(ext) resolved.
[02/17/2015 10:52:56:776]   {3F4DACA7-160D-11D2-A8E9-00104B365C9F}(ext) resolved.
[02/17/2015 10:52:58:609] Registry cache initialized with: 76 entries
[02/17/2015 10:52:58:609]   {831FDD16-0C5C-11D2-A9FC-0000F8754DA1}2ndTry (ext) NOT resolved.
[02/17/2015 10:52:58:610]   {BDC217C8-ED16-11CD-956C-0000C04E4C0A}(ext) resolved.
[02/17/2015 10:52:58:610] Resolving project references finished OK...
[02/17/2015 10:52:58:610] topological sort...
[02/17/2015 10:52:58:614] organize shared files...
[02/17/2015 10:52:58:617] End: 17/02/2015 10:52:58
[02/17/2015 10:52:58:617] Total load manager time: 00:00:01.8781878

[02/17/2015 10:52:58:638] Total warning count is 1
